SLURM_JOB_ID: 64436549
SLURM_JOB_USER: vsc37132
SLURM_JOB_ACCOUNT: intro_vsc37132
SLURM_JOB_NAME: finetune_experiments
SLURM_CLUSTER_NAME: wice
SLURM_JOB_PARTITION: gpu_h100
SLURM_NNODES: 1
SLURM_NODELIST: s16g09
SLURM_JOB_CPUS_PER_NODE: 16
SLURM_JOB_GPUS: 2
Date: Thu May  1 22:01:24 CEST 2025
Walltime: 00-00:10:00
========================================================================
Running main finetuning experiments (non-control)...
Running experiment: finetune_question_type_ar
Command: python -m src.experiments.run_experiment         "hydra.job.chdir=False"         "hydra.run.dir=."         "experiment=question_type"         "experiment.tasks=question_type"         "model=glot500_finetune"         "model.lm_name=cis-lmu/glot500-base"         "model.freeze_model=false"         "model.finetune=true"                     "model.head_hidden_size=768"             "model.head_layers=2"             "model.dropout=0.2"             "model.use_pooled_output=true"         "data.languages=[ar]"         "data.cache_dir=/data/leuven/371/vsc37132/qtype-eval/data/cache"         "training.task_type=classification"         "training.num_epochs=10"         "training.batch_size=16"                     "training.lr=2e-5"             "training.patience=3"             "training.scheduler_factor=0.5"             "training.scheduler_patience=2"             "+training.gradient_accumulation_steps=4"                  "experiment_name=finetune_question_type_ar"         "output_dir=/scratch/leuven/371/vsc37132/finetune_output/question_type"         "wandb.mode=offline"
/data/leuven/371/vsc37132/miniconda3/envs/qtype-eval/lib/python3.9/site-packages/transformers/utils/generic.py:441: FutureWarning: `torch.utils._pytree._register_pytree_node` is deprecated. Please use `torch.utils._pytree.register_pytree_node` instead.
  _torch_pytree._register_pytree_node(
/data/leuven/371/vsc37132/miniconda3/envs/qtype-eval/lib/python3.9/site-packages/hydra/_internal/defaults_list.py:415: UserWarning: In config: Invalid overriding of hydra/launcher:
Default list overrides requires 'override' keyword.
See https://hydra.cc/docs/1.2/upgrades/1.0_to_1.1/defaults_list_override for more information.

  deprecation_warning(msg)
/data/leuven/371/vsc37132/miniconda3/envs/qtype-eval/lib/python3.9/runpy.py:197: UserWarning: 
'hydra/launcher/submitit_slurm' is validated against ConfigStore schema with the same name.
This behavior is deprecated in Hydra 1.1 and will be removed in Hydra 1.2.
See https://hydra.cc/docs/1.2/upgrades/1.0_to_1.1/automatic_schema_matching for migration instructions.
  return _run_code(code, main_globals, None,
/data/leuven/371/vsc37132/miniconda3/envs/qtype-eval/lib/python3.9/site-packages/hydra/main.py:94: UserWarning: 
'hydra/launcher/submitit_slurm' is validated against ConfigStore schema with the same name.
This behavior is deprecated in Hydra 1.1 and will be removed in Hydra 1.2.
See https://hydra.cc/docs/1.2/upgrades/1.0_to_1.1/automatic_schema_matching for migration instructions.
  _run_hydra(
Traceback (most recent call last):
  File "/data/leuven/371/vsc37132/miniconda3/envs/qtype-eval/lib/python3.9/site-packages/hydra/_internal/config_loader_impl.py", line 390, in _apply_overrides_to_config
    OmegaConf.update(cfg, key, value, merge=True)
  File "/data/leuven/371/vsc37132/miniconda3/envs/qtype-eval/lib/python3.9/site-packages/omegaconf/omegaconf.py", line 741, in update
    root.__setattr__(last_key, value)
  File "/data/leuven/371/vsc37132/miniconda3/envs/qtype-eval/lib/python3.9/site-packages/omegaconf/dictconfig.py", line 337, in __setattr__
    raise e
  File "/data/leuven/371/vsc37132/miniconda3/envs/qtype-eval/lib/python3.9/site-packages/omegaconf/dictconfig.py", line 334, in __setattr__
    self.__set_impl(key, value)
  File "/data/leuven/371/vsc37132/miniconda3/envs/qtype-eval/lib/python3.9/site-packages/omegaconf/dictconfig.py", line 318, in __set_impl
    self._set_item_impl(key, value)
  File "/data/leuven/371/vsc37132/miniconda3/envs/qtype-eval/lib/python3.9/site-packages/omegaconf/basecontainer.py", line 549, in _set_item_impl
    self._validate_set(key, value)
  File "/data/leuven/371/vsc37132/miniconda3/envs/qtype-eval/lib/python3.9/site-packages/omegaconf/dictconfig.py", line 180, in _validate_set
    target = self._get_node(key) if key is not None else self
  File "/data/leuven/371/vsc37132/miniconda3/envs/qtype-eval/lib/python3.9/site-packages/omegaconf/dictconfig.py", line 475, in _get_node
    self._validate_get(key)
  File "/data/leuven/371/vsc37132/miniconda3/envs/qtype-eval/lib/python3.9/site-packages/omegaconf/dictconfig.py", line 164, in _validate_get
    self._format_and_raise(
  File "/data/leuven/371/vsc37132/miniconda3/envs/qtype-eval/lib/python3.9/site-packages/omegaconf/base.py", line 231, in _format_and_raise
    format_and_raise(
  File "/data/leuven/371/vsc37132/miniconda3/envs/qtype-eval/lib/python3.9/site-packages/omegaconf/_utils.py", line 899, in format_and_raise
    _raise(ex, cause)
  File "/data/leuven/371/vsc37132/miniconda3/envs/qtype-eval/lib/python3.9/site-packages/omegaconf/_utils.py", line 797, in _raise
    raise ex.with_traceback(sys.exc_info()[2])  # set env var OC_CAUSE=1 for full trace
omegaconf.errors.ConfigAttributeError: Key 'use_pooled_output' is not in struct
    full_key: model.use_pooled_output
    object_type=dict

The above exception was the direct cause of the following exception:

Traceback (most recent call last):
  File "/data/leuven/371/vsc37132/miniconda3/envs/qtype-eval/lib/python3.9/runpy.py", line 197, in _run_module_as_main
    return _run_code(code, main_globals, None,
  File "/data/leuven/371/vsc37132/miniconda3/envs/qtype-eval/lib/python3.9/runpy.py", line 87, in _run_code
    exec(code, run_globals)
  File "/vsc-hard-mounts/leuven-data/371/vsc37132/qtype-eval/src/experiments/run_experiment.py", line 541, in <module>
    main()
  File "/data/leuven/371/vsc37132/miniconda3/envs/qtype-eval/lib/python3.9/site-packages/hydra/main.py", line 94, in decorated_main
    _run_hydra(
  File "/data/leuven/371/vsc37132/miniconda3/envs/qtype-eval/lib/python3.9/site-packages/hydra/_internal/utils.py", line 394, in _run_hydra
    _run_app(
  File "/data/leuven/371/vsc37132/miniconda3/envs/qtype-eval/lib/python3.9/site-packages/hydra/_internal/utils.py", line 457, in _run_app
    run_and_report(
  File "/data/leuven/371/vsc37132/miniconda3/envs/qtype-eval/lib/python3.9/site-packages/hydra/_internal/utils.py", line 223, in run_and_report
    raise ex
  File "/data/leuven/371/vsc37132/miniconda3/envs/qtype-eval/lib/python3.9/site-packages/hydra/_internal/utils.py", line 220, in run_and_report
    return func()
  File "/data/leuven/371/vsc37132/miniconda3/envs/qtype-eval/lib/python3.9/site-packages/hydra/_internal/utils.py", line 458, in <lambda>
    lambda: hydra.run(
  File "/data/leuven/371/vsc37132/miniconda3/envs/qtype-eval/lib/python3.9/site-packages/hydra/_internal/hydra.py", line 105, in run
    cfg = self.compose_config(
  File "/data/leuven/371/vsc37132/miniconda3/envs/qtype-eval/lib/python3.9/site-packages/hydra/_internal/hydra.py", line 594, in compose_config
    cfg = self.config_loader.load_configuration(
  File "/data/leuven/371/vsc37132/miniconda3/envs/qtype-eval/lib/python3.9/site-packages/hydra/_internal/config_loader_impl.py", line 142, in load_configuration
    return self._load_configuration_impl(
  File "/data/leuven/371/vsc37132/miniconda3/envs/qtype-eval/lib/python3.9/site-packages/hydra/_internal/config_loader_impl.py", line 276, in _load_configuration_impl
    ConfigLoaderImpl._apply_overrides_to_config(config_overrides, cfg)
  File "/data/leuven/371/vsc37132/miniconda3/envs/qtype-eval/lib/python3.9/site-packages/hydra/_internal/config_loader_impl.py", line 392, in _apply_overrides_to_config
    raise ConfigCompositionException(
hydra.errors.ConfigCompositionException: Could not override 'model.use_pooled_output'.
To append to your config use +model.use_pooled_output=true
Using Dataset: rokokot/question-type-and-complexity
Cache Directory: /data/leuven/371/vsc37132/qtype-eval/data/cache
Error in experiment finetune_question_type_ar
Running experiment: finetune_complexity_ar
Command: python -m src.experiments.run_experiment         "hydra.job.chdir=False"         "hydra.run.dir=."         "experiment=complexity"         "experiment.tasks=complexity"         "model=glot500_finetune"         "model.lm_name=cis-lmu/glot500-base"         "model.freeze_model=false"         "model.finetune=true"                     "model.head_hidden_size=512"             "model.head_layers=3"             "model.dropout=0.1"             "model.use_mean_pooling=true"         "data.languages=[ar]"         "data.cache_dir=/data/leuven/371/vsc37132/qtype-eval/data/cache"         "training.task_type=regression"         "training.num_epochs=10"         "training.batch_size=16"                     "training.lr=1e-5"             "training.patience=4"             "training.scheduler_factor=0.5"             "training.scheduler_patience=3"             "+training.gradient_accumulation_steps=4"                  "experiment_name=finetune_complexity_ar"         "output_dir=/scratch/leuven/371/vsc37132/finetune_output/complexity"         "wandb.mode=offline"
/data/leuven/371/vsc37132/miniconda3/envs/qtype-eval/lib/python3.9/site-packages/transformers/utils/generic.py:441: FutureWarning: `torch.utils._pytree._register_pytree_node` is deprecated. Please use `torch.utils._pytree.register_pytree_node` instead.
  _torch_pytree._register_pytree_node(
/data/leuven/371/vsc37132/miniconda3/envs/qtype-eval/lib/python3.9/site-packages/hydra/_internal/defaults_list.py:415: UserWarning: In config: Invalid overriding of hydra/launcher:
Default list overrides requires 'override' keyword.
See https://hydra.cc/docs/1.2/upgrades/1.0_to_1.1/defaults_list_override for more information.

  deprecation_warning(msg)
/data/leuven/371/vsc37132/miniconda3/envs/qtype-eval/lib/python3.9/runpy.py:197: UserWarning: 
'hydra/launcher/submitit_slurm' is validated against ConfigStore schema with the same name.
This behavior is deprecated in Hydra 1.1 and will be removed in Hydra 1.2.
See https://hydra.cc/docs/1.2/upgrades/1.0_to_1.1/automatic_schema_matching for migration instructions.
  return _run_code(code, main_globals, None,
/data/leuven/371/vsc37132/miniconda3/envs/qtype-eval/lib/python3.9/site-packages/hydra/main.py:94: UserWarning: 
'hydra/launcher/submitit_slurm' is validated against ConfigStore schema with the same name.
This behavior is deprecated in Hydra 1.1 and will be removed in Hydra 1.2.
See https://hydra.cc/docs/1.2/upgrades/1.0_to_1.1/automatic_schema_matching for migration instructions.
  _run_hydra(
Traceback (most recent call last):
  File "/data/leuven/371/vsc37132/miniconda3/envs/qtype-eval/lib/python3.9/site-packages/hydra/_internal/config_loader_impl.py", line 390, in _apply_overrides_to_config
    OmegaConf.update(cfg, key, value, merge=True)
  File "/data/leuven/371/vsc37132/miniconda3/envs/qtype-eval/lib/python3.9/site-packages/omegaconf/omegaconf.py", line 741, in update
    root.__setattr__(last_key, value)
  File "/data/leuven/371/vsc37132/miniconda3/envs/qtype-eval/lib/python3.9/site-packages/omegaconf/dictconfig.py", line 337, in __setattr__
    raise e
  File "/data/leuven/371/vsc37132/miniconda3/envs/qtype-eval/lib/python3.9/site-packages/omegaconf/dictconfig.py", line 334, in __setattr__
    self.__set_impl(key, value)
  File "/data/leuven/371/vsc37132/miniconda3/envs/qtype-eval/lib/python3.9/site-packages/omegaconf/dictconfig.py", line 318, in __set_impl
    self._set_item_impl(key, value)
  File "/data/leuven/371/vsc37132/miniconda3/envs/qtype-eval/lib/python3.9/site-packages/omegaconf/basecontainer.py", line 549, in _set_item_impl
    self._validate_set(key, value)
  File "/data/leuven/371/vsc37132/miniconda3/envs/qtype-eval/lib/python3.9/site-packages/omegaconf/dictconfig.py", line 180, in _validate_set
    target = self._get_node(key) if key is not None else self
  File "/data/leuven/371/vsc37132/miniconda3/envs/qtype-eval/lib/python3.9/site-packages/omegaconf/dictconfig.py", line 475, in _get_node
    self._validate_get(key)
  File "/data/leuven/371/vsc37132/miniconda3/envs/qtype-eval/lib/python3.9/site-packages/omegaconf/dictconfig.py", line 164, in _validate_get
    self._format_and_raise(
  File "/data/leuven/371/vsc37132/miniconda3/envs/qtype-eval/lib/python3.9/site-packages/omegaconf/base.py", line 231, in _format_and_raise
    format_and_raise(
  File "/data/leuven/371/vsc37132/miniconda3/envs/qtype-eval/lib/python3.9/site-packages/omegaconf/_utils.py", line 899, in format_and_raise
    _raise(ex, cause)
  File "/data/leuven/371/vsc37132/miniconda3/envs/qtype-eval/lib/python3.9/site-packages/omegaconf/_utils.py", line 797, in _raise
    raise ex.with_traceback(sys.exc_info()[2])  # set env var OC_CAUSE=1 for full trace
omegaconf.errors.ConfigAttributeError: Key 'use_mean_pooling' is not in struct
    full_key: model.use_mean_pooling
    object_type=dict

The above exception was the direct cause of the following exception:

Traceback (most recent call last):
  File "/data/leuven/371/vsc37132/miniconda3/envs/qtype-eval/lib/python3.9/runpy.py", line 197, in _run_module_as_main
    return _run_code(code, main_globals, None,
  File "/data/leuven/371/vsc37132/miniconda3/envs/qtype-eval/lib/python3.9/runpy.py", line 87, in _run_code
    exec(code, run_globals)
  File "/vsc-hard-mounts/leuven-data/371/vsc37132/qtype-eval/src/experiments/run_experiment.py", line 541, in <module>
    main()
  File "/data/leuven/371/vsc37132/miniconda3/envs/qtype-eval/lib/python3.9/site-packages/hydra/main.py", line 94, in decorated_main
    _run_hydra(
  File "/data/leuven/371/vsc37132/miniconda3/envs/qtype-eval/lib/python3.9/site-packages/hydra/_internal/utils.py", line 394, in _run_hydra
    _run_app(
  File "/data/leuven/371/vsc37132/miniconda3/envs/qtype-eval/lib/python3.9/site-packages/hydra/_internal/utils.py", line 457, in _run_app
    run_and_report(
  File "/data/leuven/371/vsc37132/miniconda3/envs/qtype-eval/lib/python3.9/site-packages/hydra/_internal/utils.py", line 223, in run_and_report
    raise ex
  File "/data/leuven/371/vsc37132/miniconda3/envs/qtype-eval/lib/python3.9/site-packages/hydra/_internal/utils.py", line 220, in run_and_report
    return func()
  File "/data/leuven/371/vsc37132/miniconda3/envs/qtype-eval/lib/python3.9/site-packages/hydra/_internal/utils.py", line 458, in <lambda>
    lambda: hydra.run(
  File "/data/leuven/371/vsc37132/miniconda3/envs/qtype-eval/lib/python3.9/site-packages/hydra/_internal/hydra.py", line 105, in run
    cfg = self.compose_config(
  File "/data/leuven/371/vsc37132/miniconda3/envs/qtype-eval/lib/python3.9/site-packages/hydra/_internal/hydra.py", line 594, in compose_config
    cfg = self.config_loader.load_configuration(
  File "/data/leuven/371/vsc37132/miniconda3/envs/qtype-eval/lib/python3.9/site-packages/hydra/_internal/config_loader_impl.py", line 142, in load_configuration
    return self._load_configuration_impl(
  File "/data/leuven/371/vsc37132/miniconda3/envs/qtype-eval/lib/python3.9/site-packages/hydra/_internal/config_loader_impl.py", line 276, in _load_configuration_impl
    ConfigLoaderImpl._apply_overrides_to_config(config_overrides, cfg)
  File "/data/leuven/371/vsc37132/miniconda3/envs/qtype-eval/lib/python3.9/site-packages/hydra/_internal/config_loader_impl.py", line 392, in _apply_overrides_to_config
    raise ConfigCompositionException(
hydra.errors.ConfigCompositionException: Could not override 'model.use_mean_pooling'.
To append to your config use +model.use_mean_pooling=true
Using Dataset: rokokot/question-type-and-complexity
Cache Directory: /data/leuven/371/vsc37132/qtype-eval/data/cache
Error in experiment finetune_complexity_ar
Running control finetuning experiments...
Running experiment: finetune_question_type_control3_ar
Command: python -m src.experiments.run_experiment         "hydra.job.chdir=False"         "hydra.run.dir=."         "experiment=question_type"         "experiment.tasks=question_type"         "model=glot500_finetune"         "model.lm_name=cis-lmu/glot500-base"         "model.freeze_model=false"         "model.finetune=true"                     "model.head_hidden_size=768"             "model.head_layers=2"             "model.dropout=0.2"             "model.use_pooled_output=true"         "data.languages=[ar]"         "data.cache_dir=/data/leuven/371/vsc37132/qtype-eval/data/cache"         "training.task_type=classification"         "training.num_epochs=10"         "training.batch_size=16"                     "training.lr=2e-5"             "training.patience=3"             "training.scheduler_factor=0.5"             "training.scheduler_patience=2"             "+training.gradient_accumulation_steps=4"                  "experiment_name=finetune_question_type_control3_ar"         "output_dir=/scratch/leuven/371/vsc37132/finetune_output/question_type/control3"         "wandb.mode=offline"             "experiment.use_controls=true"             "experiment.control_index=3"
/data/leuven/371/vsc37132/miniconda3/envs/qtype-eval/lib/python3.9/site-packages/transformers/utils/generic.py:441: FutureWarning: `torch.utils._pytree._register_pytree_node` is deprecated. Please use `torch.utils._pytree.register_pytree_node` instead.
  _torch_pytree._register_pytree_node(
/data/leuven/371/vsc37132/miniconda3/envs/qtype-eval/lib/python3.9/site-packages/hydra/_internal/defaults_list.py:415: UserWarning: In config: Invalid overriding of hydra/launcher:
Default list overrides requires 'override' keyword.
See https://hydra.cc/docs/1.2/upgrades/1.0_to_1.1/defaults_list_override for more information.

  deprecation_warning(msg)
/data/leuven/371/vsc37132/miniconda3/envs/qtype-eval/lib/python3.9/runpy.py:197: UserWarning: 
'hydra/launcher/submitit_slurm' is validated against ConfigStore schema with the same name.
This behavior is deprecated in Hydra 1.1 and will be removed in Hydra 1.2.
See https://hydra.cc/docs/1.2/upgrades/1.0_to_1.1/automatic_schema_matching for migration instructions.
  return _run_code(code, main_globals, None,
/data/leuven/371/vsc37132/miniconda3/envs/qtype-eval/lib/python3.9/site-packages/hydra/main.py:94: UserWarning: 
'hydra/launcher/submitit_slurm' is validated against ConfigStore schema with the same name.
This behavior is deprecated in Hydra 1.1 and will be removed in Hydra 1.2.
See https://hydra.cc/docs/1.2/upgrades/1.0_to_1.1/automatic_schema_matching for migration instructions.
  _run_hydra(
Traceback (most recent call last):
  File "/data/leuven/371/vsc37132/miniconda3/envs/qtype-eval/lib/python3.9/site-packages/hydra/_internal/config_loader_impl.py", line 390, in _apply_overrides_to_config
    OmegaConf.update(cfg, key, value, merge=True)
  File "/data/leuven/371/vsc37132/miniconda3/envs/qtype-eval/lib/python3.9/site-packages/omegaconf/omegaconf.py", line 741, in update
    root.__setattr__(last_key, value)
  File "/data/leuven/371/vsc37132/miniconda3/envs/qtype-eval/lib/python3.9/site-packages/omegaconf/dictconfig.py", line 337, in __setattr__
    raise e
  File "/data/leuven/371/vsc37132/miniconda3/envs/qtype-eval/lib/python3.9/site-packages/omegaconf/dictconfig.py", line 334, in __setattr__
    self.__set_impl(key, value)
  File "/data/leuven/371/vsc37132/miniconda3/envs/qtype-eval/lib/python3.9/site-packages/omegaconf/dictconfig.py", line 318, in __set_impl
    self._set_item_impl(key, value)
  File "/data/leuven/371/vsc37132/miniconda3/envs/qtype-eval/lib/python3.9/site-packages/omegaconf/basecontainer.py", line 549, in _set_item_impl
    self._validate_set(key, value)
  File "/data/leuven/371/vsc37132/miniconda3/envs/qtype-eval/lib/python3.9/site-packages/omegaconf/dictconfig.py", line 180, in _validate_set
    target = self._get_node(key) if key is not None else self
  File "/data/leuven/371/vsc37132/miniconda3/envs/qtype-eval/lib/python3.9/site-packages/omegaconf/dictconfig.py", line 475, in _get_node
    self._validate_get(key)
  File "/data/leuven/371/vsc37132/miniconda3/envs/qtype-eval/lib/python3.9/site-packages/omegaconf/dictconfig.py", line 164, in _validate_get
    self._format_and_raise(
  File "/data/leuven/371/vsc37132/miniconda3/envs/qtype-eval/lib/python3.9/site-packages/omegaconf/base.py", line 231, in _format_and_raise
    format_and_raise(
  File "/data/leuven/371/vsc37132/miniconda3/envs/qtype-eval/lib/python3.9/site-packages/omegaconf/_utils.py", line 899, in format_and_raise
    _raise(ex, cause)
  File "/data/leuven/371/vsc37132/miniconda3/envs/qtype-eval/lib/python3.9/site-packages/omegaconf/_utils.py", line 797, in _raise
    raise ex.with_traceback(sys.exc_info()[2])  # set env var OC_CAUSE=1 for full trace
omegaconf.errors.ConfigAttributeError: Key 'use_pooled_output' is not in struct
    full_key: model.use_pooled_output
    object_type=dict

The above exception was the direct cause of the following exception:

Traceback (most recent call last):
  File "/data/leuven/371/vsc37132/miniconda3/envs/qtype-eval/lib/python3.9/runpy.py", line 197, in _run_module_as_main
    return _run_code(code, main_globals, None,
  File "/data/leuven/371/vsc37132/miniconda3/envs/qtype-eval/lib/python3.9/runpy.py", line 87, in _run_code
    exec(code, run_globals)
  File "/vsc-hard-mounts/leuven-data/371/vsc37132/qtype-eval/src/experiments/run_experiment.py", line 541, in <module>
    main()
  File "/data/leuven/371/vsc37132/miniconda3/envs/qtype-eval/lib/python3.9/site-packages/hydra/main.py", line 94, in decorated_main
    _run_hydra(
  File "/data/leuven/371/vsc37132/miniconda3/envs/qtype-eval/lib/python3.9/site-packages/hydra/_internal/utils.py", line 394, in _run_hydra
    _run_app(
  File "/data/leuven/371/vsc37132/miniconda3/envs/qtype-eval/lib/python3.9/site-packages/hydra/_internal/utils.py", line 457, in _run_app
    run_and_report(
  File "/data/leuven/371/vsc37132/miniconda3/envs/qtype-eval/lib/python3.9/site-packages/hydra/_internal/utils.py", line 223, in run_and_report
    raise ex
  File "/data/leuven/371/vsc37132/miniconda3/envs/qtype-eval/lib/python3.9/site-packages/hydra/_internal/utils.py", line 220, in run_and_report
    return func()
  File "/data/leuven/371/vsc37132/miniconda3/envs/qtype-eval/lib/python3.9/site-packages/hydra/_internal/utils.py", line 458, in <lambda>
    lambda: hydra.run(
  File "/data/leuven/371/vsc37132/miniconda3/envs/qtype-eval/lib/python3.9/site-packages/hydra/_internal/hydra.py", line 105, in run
    cfg = self.compose_config(
  File "/data/leuven/371/vsc37132/miniconda3/envs/qtype-eval/lib/python3.9/site-packages/hydra/_internal/hydra.py", line 594, in compose_config
    cfg = self.config_loader.load_configuration(
  File "/data/leuven/371/vsc37132/miniconda3/envs/qtype-eval/lib/python3.9/site-packages/hydra/_internal/config_loader_impl.py", line 142, in load_configuration
    return self._load_configuration_impl(
  File "/data/leuven/371/vsc37132/miniconda3/envs/qtype-eval/lib/python3.9/site-packages/hydra/_internal/config_loader_impl.py", line 276, in _load_configuration_impl
    ConfigLoaderImpl._apply_overrides_to_config(config_overrides, cfg)
  File "/data/leuven/371/vsc37132/miniconda3/envs/qtype-eval/lib/python3.9/site-packages/hydra/_internal/config_loader_impl.py", line 392, in _apply_overrides_to_config
    raise ConfigCompositionException(
hydra.errors.ConfigCompositionException: Could not override 'model.use_pooled_output'.
To append to your config use +model.use_pooled_output=true
Using Dataset: rokokot/question-type-and-complexity
Cache Directory: /data/leuven/371/vsc37132/qtype-eval/data/cache
Error in experiment finetune_question_type_control3_ar
Running experiment: finetune_complexity_control3_ar
Command: python -m src.experiments.run_experiment         "hydra.job.chdir=False"         "hydra.run.dir=."         "experiment=complexity"         "experiment.tasks=complexity"         "model=glot500_finetune"         "model.lm_name=cis-lmu/glot500-base"         "model.freeze_model=false"         "model.finetune=true"                     "model.head_hidden_size=512"             "model.head_layers=3"             "model.dropout=0.1"             "model.use_mean_pooling=true"         "data.languages=[ar]"         "data.cache_dir=/data/leuven/371/vsc37132/qtype-eval/data/cache"         "training.task_type=regression"         "training.num_epochs=10"         "training.batch_size=16"                     "training.lr=1e-5"             "training.patience=4"             "training.scheduler_factor=0.5"             "training.scheduler_patience=3"             "+training.gradient_accumulation_steps=4"                  "experiment_name=finetune_complexity_control3_ar"         "output_dir=/scratch/leuven/371/vsc37132/finetune_output/complexity/control3"         "wandb.mode=offline"             "experiment.use_controls=true"             "experiment.control_index=3"
slurmstepd: error: *** JOB 64436549 ON s16g09 CANCELLED AT 2025-05-01T22:01:59 ***
