SLURM_JOB_ID: 64294164
SLURM_JOB_USER: vsc37132
SLURM_JOB_ACCOUNT: intro_vsc37132
SLURM_JOB_NAME: mini_test
SLURM_CLUSTER_NAME: wice
SLURM_JOB_PARTITION: gpu_a100_debug
SLURM_NNODES: 1
SLURM_NODELIST: k28i22
SLURM_JOB_CPUS_PER_NODE: 4
SLURM_JOB_GPUS: 0
Date: Sat Apr  5 15:57:00 CEST 2025
Walltime: 00-00:30:00
========================================================================
Environment variables:
PYTHONPATH=:/data/leuven/371/vsc37132/qtype-eval:/vsc-hard-mounts/leuven-user/371/vsc37132:/vsc-hard-mounts/leuven-data/371/vsc37132/qtype-eval
HF_HOME=/data/leuven/371/vsc37132/qtype-eval/data/cache
TRANSFORMERS_OFFLINE=1
HF_DATASETS_OFFLINE=1
Python executable: /data/leuven/371/vsc37132/miniconda3/envs/qtype-eval/bin/python
PyTorch CUDA available: True
Running mini experiment...
/data/leuven/371/vsc37132/miniconda3/envs/qtype-eval/lib/python3.9/site-packages/hydra/_internal/defaults_list.py:415: UserWarning: In config: Invalid overriding of hydra/launcher:
Default list overrides requires 'override' keyword.
See https://hydra.cc/docs/1.2/upgrades/1.0_to_1.1/defaults_list_override for more information.

  deprecation_warning(msg)
/data/leuven/371/vsc37132/miniconda3/envs/qtype-eval/lib/python3.9/runpy.py:197: UserWarning: 
'hydra/launcher/submitit_slurm' is validated against ConfigStore schema with the same name.
This behavior is deprecated in Hydra 1.1 and will be removed in Hydra 1.2.
See https://hydra.cc/docs/1.2/upgrades/1.0_to_1.1/automatic_schema_matching for migration instructions.
  return _run_code(code, main_globals, None,
/data/leuven/371/vsc37132/miniconda3/envs/qtype-eval/lib/python3.9/site-packages/hydra/main.py:94: UserWarning: 
'hydra/launcher/submitit_slurm' is validated against ConfigStore schema with the same name.
This behavior is deprecated in Hydra 1.1 and will be removed in Hydra 1.2.
See https://hydra.cc/docs/1.2/upgrades/1.0_to_1.1/automatic_schema_matching for migration instructions.
  _run_hydra(
/data/leuven/371/vsc37132/miniconda3/envs/qtype-eval/lib/python3.9/site-packages/hydra/_internal/hydra.py:119: UserWarning: Future Hydra versions will no longer change working directory at job runtime by default.
See https://hydra.cc/docs/1.2/upgrades/1.1_to_1.2/changes_to_job_working_dir/ for more information.
  ret = run_job(
[2025-04-05 15:57:39,574][__main__][INFO] - Configuration:
seed: 42
output_dir: ./mini_test_output
experiment_name: mini_test_glot500_en
wandb:
  project: multilingual-question-probing
  entity: rokii-ku-leuven
  mode: offline
slurm:
  partition: gpu
  time: '24:00:00'
  gpus_per_node: 1
  cpus_per_task: 4
  mem_per_cpu: 8
  job_name: ${experiment_name}
  account: intro_vsc37132
data:
  dataset_name: rokokot/question-type-and-complexity
  cache_dir: /data/leuven/371/vsc37132/qtype-eval/data/cache
  vectors_dir: ./data/features
  languages:
  - en
  train_language: null
  eval_language: null
model:
  model_type: lm_probe
  lm_name: cis-lmu/glot500-base
  dropout: 0.1
  freeze_model: false
  layer_wise: false
  layer_index: -1
training:
  task_type: classification
  batch_size: 8
  num_epochs: 3
  lr: 1.0e-05
  weight_decay: 0.01
  patience: 3
  scheduler_factor: 0.5
  scheduler_patience: 2
  random_state: 42
  num_workers: 4
experiment:
  type: lm_probe
  tasks:
  - question_type
  use_controls: false
  control_index: null
  num_controls: 3
  eval_on_orig_test: true
  cross_lingual: false

[2025-04-05 15:57:39,708][__main__][INFO] - Running LM probe experiment for ['question_type'] on languages: ['en']
[2025-04-05 15:57:39,715][__main__][INFO] - Processing language: en
wandb: Using wandb-core as the SDK backend.  Please refer to https://wandb.me/wandb-core for more information.
wandb: Tracking run with wandb version 0.19.9
wandb: W&B syncing is set to `offline` in this directory.  
wandb: Run `wandb online` or set WANDB_MODE=online to enable cloud syncing.
[2025-04-05 15:57:43,309][src.data.datasets][INFO] - Loading base dataset for en language (train)
Using the latest cached version of the dataset since rokokot/question-type-and-complexity couldn't be found on the Hugging Face Hub (offline mode is enabled).
[2025-04-05 15:57:44,381][datasets.load][WARNING] - Using the latest cached version of the dataset since rokokot/question-type-and-complexity couldn't be found on the Hugging Face Hub (offline mode is enabled).
[2025-04-05 15:57:44,420][src.data.datasets][WARNING] - Could not load from cache with local_files_only=True: Couldn't find cache for rokokot/question-type-and-complexity for config 'base-local_files_only=True'
Available configs in the cache: ['base', 'control_avg_links_len_seed1', 'control_avg_links_len_seed2', 'control_avg_links_len_seed3', 'control_avg_max_depth_seed1', 'control_avg_max_depth_seed2', 'control_avg_max_depth_seed3', 'control_avg_subordinate_chain_len_seed1', 'control_avg_subordinate_chain_len_seed2', 'control_avg_subordinate_chain_len_seed3', 'control_avg_verb_edges_seed1', 'control_avg_verb_edges_seed2', 'control_avg_verb_edges_seed3', 'control_complexity_seed1', 'control_complexity_seed2', 'control_complexity_seed3', 'control_lexical_density_seed1', 'control_lexical_density_seed2', 'control_lexical_density_seed3', 'control_n_tokens_seed1', 'control_n_tokens_seed2', 'control_n_tokens_seed3', 'control_question_type_seed1', 'control_question_type_seed2', 'control_question_type_seed3']
[2025-04-05 15:57:44,420][src.data.datasets][INFO] - Trying again without local_files_only restriction...
Using the latest cached version of the dataset since rokokot/question-type-and-complexity couldn't be found on the Hugging Face Hub (offline mode is enabled).
[2025-04-05 15:57:44,483][datasets.load][WARNING] - Using the latest cached version of the dataset since rokokot/question-type-and-complexity couldn't be found on the Hugging Face Hub (offline mode is enabled).
[2025-04-05 15:57:44,564][src.data.datasets][ERROR] - Error loading data for en: Couldn't find cache for rokokot/question-type-and-complexity for config 'base-local_files_only=False'
Available configs in the cache: ['base', 'control_avg_links_len_seed1', 'control_avg_links_len_seed2', 'control_avg_links_len_seed3', 'control_avg_max_depth_seed1', 'control_avg_max_depth_seed2', 'control_avg_max_depth_seed3', 'control_avg_subordinate_chain_len_seed1', 'control_avg_subordinate_chain_len_seed2', 'control_avg_subordinate_chain_len_seed3', 'control_avg_verb_edges_seed1', 'control_avg_verb_edges_seed2', 'control_avg_verb_edges_seed3', 'control_complexity_seed1', 'control_complexity_seed2', 'control_complexity_seed3', 'control_lexical_density_seed1', 'control_lexical_density_seed2', 'control_lexical_density_seed3', 'control_n_tokens_seed1', 'control_n_tokens_seed2', 'control_n_tokens_seed3', 'control_question_type_seed1', 'control_question_type_seed2', 'control_question_type_seed3']
Error executing job with overrides: ['experiment=question_type', 'model=lm_probe', 'model.lm_name=cis-lmu/glot500-base', 'data.languages=[en]', 'data.cache_dir=/data/leuven/371/vsc37132/qtype-eval/data/cache', 'training.num_epochs=3', 'training.batch_size=8', 'experiment_name=mini_test_glot500_en', 'output_dir=./mini_test_output']
Traceback (most recent call last):
  File "/vsc-hard-mounts/leuven-data/371/vsc37132/qtype-eval/src/data/datasets.py", line 152, in load_hf_data
    dataset = load_dataset(
  File "/data/leuven/371/vsc37132/miniconda3/envs/qtype-eval/lib/python3.9/site-packages/datasets/load.py", line 2062, in load_dataset
    builder_instance = load_dataset_builder(
  File "/data/leuven/371/vsc37132/miniconda3/envs/qtype-eval/lib/python3.9/site-packages/datasets/load.py", line 1819, in load_dataset_builder
    builder_instance: DatasetBuilder = builder_cls(
  File "/data/leuven/371/vsc37132/miniconda3/envs/qtype-eval/lib/python3.9/site-packages/datasets/packaged_modules/cache/cache.py", line 124, in __init__
    config_name, version, hash = _find_hash_in_cache(
  File "/data/leuven/371/vsc37132/miniconda3/envs/qtype-eval/lib/python3.9/site-packages/datasets/packaged_modules/cache/cache.py", line 64, in _find_hash_in_cache
    raise ValueError(
ValueError: Couldn't find cache for rokokot/question-type-and-complexity for config 'base-local_files_only=True'
Available configs in the cache: ['base', 'control_avg_links_len_seed1', 'control_avg_links_len_seed2', 'control_avg_links_len_seed3', 'control_avg_max_depth_seed1', 'control_avg_max_depth_seed2', 'control_avg_max_depth_seed3', 'control_avg_subordinate_chain_len_seed1', 'control_avg_subordinate_chain_len_seed2', 'control_avg_subordinate_chain_len_seed3', 'control_avg_verb_edges_seed1', 'control_avg_verb_edges_seed2', 'control_avg_verb_edges_seed3', 'control_complexity_seed1', 'control_complexity_seed2', 'control_complexity_seed3', 'control_lexical_density_seed1', 'control_lexical_density_seed2', 'control_lexical_density_seed3', 'control_n_tokens_seed1', 'control_n_tokens_seed2', 'control_n_tokens_seed3', 'control_question_type_seed1', 'control_question_type_seed2', 'control_question_type_seed3']

During handling of the above exception, another exception occurred:

Traceback (most recent call last):
  File "/vsc-hard-mounts/leuven-data/371/vsc37132/qtype-eval/src/experiments/run_experiment.py", line 149, in main
    run_lm_experiment(cfg, task, task_type, submetric)
  File "/vsc-hard-mounts/leuven-data/371/vsc37132/qtype-eval/src/experiments/run_experiment.py", line 261, in run_lm_experiment
    train_loader, val_loader, test_loader = create_lm_dataloaders(
  File "/vsc-hard-mounts/leuven-data/371/vsc37132/qtype-eval/src/data/datasets.py", line 307, in create_lm_dataloaders
    train_df = load_hf_data(language, task, "train", control_index, cache_dir)
  File "/vsc-hard-mounts/leuven-data/371/vsc37132/qtype-eval/src/data/datasets.py", line 171, in load_hf_data
    dataset = load_dataset(
  File "/data/leuven/371/vsc37132/miniconda3/envs/qtype-eval/lib/python3.9/site-packages/datasets/load.py", line 2062, in load_dataset
    builder_instance = load_dataset_builder(
  File "/data/leuven/371/vsc37132/miniconda3/envs/qtype-eval/lib/python3.9/site-packages/datasets/load.py", line 1819, in load_dataset_builder
    builder_instance: DatasetBuilder = builder_cls(
  File "/data/leuven/371/vsc37132/miniconda3/envs/qtype-eval/lib/python3.9/site-packages/datasets/packaged_modules/cache/cache.py", line 124, in __init__
    config_name, version, hash = _find_hash_in_cache(
  File "/data/leuven/371/vsc37132/miniconda3/envs/qtype-eval/lib/python3.9/site-packages/datasets/packaged_modules/cache/cache.py", line 64, in _find_hash_in_cache
    raise ValueError(
ValueError: Couldn't find cache for rokokot/question-type-and-complexity for config 'base-local_files_only=False'
Available configs in the cache: ['base', 'control_avg_links_len_seed1', 'control_avg_links_len_seed2', 'control_avg_links_len_seed3', 'control_avg_max_depth_seed1', 'control_avg_max_depth_seed2', 'control_avg_max_depth_seed3', 'control_avg_subordinate_chain_len_seed1', 'control_avg_subordinate_chain_len_seed2', 'control_avg_subordinate_chain_len_seed3', 'control_avg_verb_edges_seed1', 'control_avg_verb_edges_seed2', 'control_avg_verb_edges_seed3', 'control_complexity_seed1', 'control_complexity_seed2', 'control_complexity_seed3', 'control_lexical_density_seed1', 'control_lexical_density_seed2', 'control_lexical_density_seed3', 'control_n_tokens_seed1', 'control_n_tokens_seed2', 'control_n_tokens_seed3', 'control_question_type_seed1', 'control_question_type_seed2', 'control_question_type_seed3']

Set the environment variable HYDRA_FULL_ERROR=1 for a complete stack trace.
[1;34mwandb[0m: 
[1;34mwandb[0m: You can sync this run to the cloud by running:
[1;34mwandb[0m: [1mwandb sync /vsc-hard-mounts/leuven-data/371/vsc37132/qtype-eval/outputs/mini_test_glot500_en/2025-04-05/15-57-39/wandb/offline-run-20250405_155739-2r4ywxoq[0m
[1;34mwandb[0m: Find logs at: [1;35mwandb/offline-run-20250405_155739-2r4ywxoq/logs[0m
Checking cache directory contents:
total 28
drwxr-x---  6 vsc37132 vsc37132 8192 Apr  5 15:57 .
drwxr-x---  5 vsc37132 vsc37132 4096 Apr  3 17:23 ..
-rw-r-----  1 vsc37132 vsc37132    0 Apr  3 17:21 data_cache_rokokot___question-type-and-complexity_base_0.0.0_73f7e9fabe3af1c8a61564a268551f52ed221358.lock
-rw-r-----  1 vsc37132 vsc37132    0 Apr  3 20:34 data_cache_rokokot___question-type-and-complexity_control_avg_links_len_seed1_0.0.0_73f7e9fabe3af1c8a61564a268551f52ed221358.lock
-rw-r-----  1 vsc37132 vsc37132    0 Apr  3 20:34 data_cache_rokokot___question-type-and-complexity_control_avg_links_len_seed2_0.0.0_73f7e9fabe3af1c8a61564a268551f52ed221358.lock
-rw-r-----  1 vsc37132 vsc37132    0 Apr  3 20:35 data_cache_rokokot___question-type-and-complexity_control_avg_links_len_seed3_0.0.0_73f7e9fabe3af1c8a61564a268551f52ed221358.lock
-rw-r-----  1 vsc37132 vsc37132    0 Apr  3 20:35 data_cache_rokokot___question-type-and-complexity_control_avg_max_depth_seed1_0.0.0_73f7e9fabe3af1c8a61564a268551f52ed221358.lock
-rw-r-----  1 vsc37132 vsc37132    0 Apr  3 20:35 data_cache_rokokot___question-type-and-complexity_control_avg_max_depth_seed2_0.0.0_73f7e9fabe3af1c8a61564a268551f52ed221358.lock
-rw-r-----  1 vsc37132 vsc37132    0 Apr  3 20:35 data_cache_rokokot___question-type-and-complexity_control_avg_max_depth_seed3_0.0.0_73f7e9fabe3af1c8a61564a268551f52ed221358.lock
-rw-r-----  1 vsc37132 vsc37132    0 Apr  3 20:35 data_cache_rokokot___question-type-and-complexity_control_avg_subordinate_chain_len_seed1_0.0.0_73f7e9fabe3af1c8a61564a268551f52ed221358.lock
-rw-r-----  1 vsc37132 vsc37132    0 Apr  3 20:35 data_cache_rokokot___question-type-and-complexity_control_avg_subordinate_chain_len_seed2_0.0.0_73f7e9fabe3af1c8a61564a268551f52ed221358.lock
-rw-r-----  1 vsc37132 vsc37132    0 Apr  3 20:35 data_cache_rokokot___question-type-and-complexity_control_avg_subordinate_chain_len_seed3_0.0.0_73f7e9fabe3af1c8a61564a268551f52ed221358.lock
-rw-r-----  1 vsc37132 vsc37132    0 Apr  3 20:35 data_cache_rokokot___question-type-and-complexity_control_avg_verb_edges_seed1_0.0.0_73f7e9fabe3af1c8a61564a268551f52ed221358.lock
-rw-r-----  1 vsc37132 vsc37132    0 Apr  3 20:35 data_cache_rokokot___question-type-and-complexity_control_avg_verb_edges_seed2_0.0.0_73f7e9fabe3af1c8a61564a268551f52ed221358.lock
-rw-r-----  1 vsc37132 vsc37132    0 Apr  3 20:35 data_cache_rokokot___question-type-and-complexity_control_avg_verb_edges_seed3_0.0.0_73f7e9fabe3af1c8a61564a268551f52ed221358.lock
-rw-r-----  1 vsc37132 vsc37132    0 Apr  3 20:34 data_cache_rokokot___question-type-and-complexity_control_complexity_seed1_0.0.0_73f7e9fabe3af1c8a61564a268551f52ed221358.lock
-rw-r-----  1 vsc37132 vsc37132    0 Apr  3 20:34 data_cache_rokokot___question-type-and-complexity_control_complexity_seed2_0.0.0_73f7e9fabe3af1c8a61564a268551f52ed221358.lock
-rw-r-----  1 vsc37132 vsc37132    0 Apr  3 20:34 data_cache_rokokot___question-type-and-complexity_control_complexity_seed3_0.0.0_73f7e9fabe3af1c8a61564a268551f52ed221358.lock
-rw-r-----  1 vsc37132 vsc37132    0 Apr  3 20:35 data_cache_rokokot___question-type-and-complexity_control_lexical_density_seed1_0.0.0_73f7e9fabe3af1c8a61564a268551f52ed221358.lock
-rw-r-----  1 vsc37132 vsc37132    0 Apr  3 20:35 data_cache_rokokot___question-type-and-complexity_control_lexical_density_seed2_0.0.0_73f7e9fabe3af1c8a61564a268551f52ed221358.lock
-rw-r-----  1 vsc37132 vsc37132    0 Apr  3 20:35 data_cache_rokokot___question-type-and-complexity_control_lexical_density_seed3_0.0.0_73f7e9fabe3af1c8a61564a268551f52ed221358.lock
-rw-r-----  1 vsc37132 vsc37132    0 Apr  3 20:35 data_cache_rokokot___question-type-and-complexity_control_n_tokens_seed1_0.0.0_73f7e9fabe3af1c8a61564a268551f52ed221358.lock
-rw-r-----  1 vsc37132 vsc37132    0 Apr  3 20:35 data_cache_rokokot___question-type-and-complexity_control_n_tokens_seed2_0.0.0_73f7e9fabe3af1c8a61564a268551f52ed221358.lock
-rw-r-----  1 vsc37132 vsc37132    0 Apr  3 20:36 data_cache_rokokot___question-type-and-complexity_control_n_tokens_seed3_0.0.0_73f7e9fabe3af1c8a61564a268551f52ed221358.lock
-rw-r-----  1 vsc37132 vsc37132    0 Apr  3 20:34 data_cache_rokokot___question-type-and-complexity_control_question_type_seed1_0.0.0_73f7e9fabe3af1c8a61564a268551f52ed221358.lock
-rw-r-----  1 vsc37132 vsc37132    0 Apr  3 20:34 data_cache_rokokot___question-type-and-complexity_control_question_type_seed2_0.0.0_73f7e9fabe3af1c8a61564a268551f52ed221358.lock
-rw-r-----  1 vsc37132 vsc37132    0 Apr  3 20:34 data_cache_rokokot___question-type-and-complexity_control_question_type_seed3_0.0.0_73f7e9fabe3af1c8a61564a268551f52ed221358.lock
drwxr-x---  3 vsc37132 vsc37132 4096 Apr  3 20:36 .locks
drwxr-x---  6 vsc37132 vsc37132 4096 Apr  3 20:36 models--cis-lmu--glot500-base
drwxr-x---  3 vsc37132 vsc37132 4096 Apr  5 15:57 modules
drwxr-x--- 27 vsc37132 vsc37132 4096 Apr  3 20:36 rokokot___question-type-and-complexity
Model directory:
total 28
drwxr-x--- 6 vsc37132 vsc37132 4096 Apr  3 20:36 .
drwxr-x--- 6 vsc37132 vsc37132 8192 Apr  5 15:57 ..
drwxr-x--- 2 vsc37132 vsc37132 4096 Apr  3 20:36 blobs
drwxr-x--- 3 vsc37132 vsc37132 4096 Apr  3 20:36 .no_exist
drwxr-x--- 2 vsc37132 vsc37132 4096 Apr  3 20:36 refs
drwxr-x--- 3 vsc37132 vsc37132 4096 Apr  3 20:36 snapshots
total 8
drwxr-x---  2 vsc37132 vsc37132 4096 Apr  5 14:33 .
drwxr-x--- 14 vsc37132 vsc37132 4096 Apr  5 15:57 ..
cat: 'mini_test_output/results*.json': No such file or directory
Mini experiment completed!
ls: cannot access 'mini_test_glot500_output': No such file or directory
cat: mini_test_glot500_output/en/results.json: No such file or directory
GPU memory usage during run:
memory.used [MiB]
1 MiB
