SLURM_JOB_ID: 64286394
SLURM_JOB_USER: vsc37132
SLURM_JOB_ACCOUNT: intro_vsc37132
SLURM_JOB_NAME: glot500_exp
SLURM_CLUSTER_NAME: wice
SLURM_JOB_PARTITION: gpu_a100
SLURM_NNODES: 1
SLURM_NODELIST: k28g32
SLURM_JOB_CPUS_PER_NODE: 18
SLURM_JOB_GPUS: 0
Date: Fri Apr  4 02:16:41 CEST 2025
Walltime: 03-00:00:00
========================================================================
Lmod has detected the following error: The following module(s) are unknown:
"Python/3.9"

Please check the spelling or version number. Also try "module spider ..."
It is also possible your cache file is out-of-date; it may help to try:
  $ module --ignore_cache load "Python/3.9"

Also make sure that all modulefiles written in TCL start with the string
#%Module



Setting up environment for experiments
Lmod has detected the following error: The following module(s) are unknown:
"Python/3.9"

Please check the spelling or version number. Also try "module spider ..."
It is also possible your cache file is out-of-date; it may help to try:
  $ module --ignore_cache load "Python/3.9"

Also make sure that all modulefiles written in TCL start with the string
#%Module



Running question_type experiment for ar
Traceback (most recent call last):
  File "/usr/lib64/python3.6/runpy.py", line 193, in _run_module_as_main
    "__main__", mod_spec)
  File "/usr/lib64/python3.6/runpy.py", line 85, in _run_code
    exec(code, run_globals)
  File "/vsc-hard-mounts/leuven-data/371/vsc37132/qtype-eval/src/experiments/run_experiment.py", line 5, in <module>
    import hydra
ModuleNotFoundError: No module named 'hydra'
Completed question_type experiment for ar
----------------------------------------
Running complexity experiment for ar
Traceback (most recent call last):
  File "/usr/lib64/python3.6/runpy.py", line 193, in _run_module_as_main
    "__main__", mod_spec)
  File "/usr/lib64/python3.6/runpy.py", line 85, in _run_code
    exec(code, run_globals)
  File "/vsc-hard-mounts/leuven-data/371/vsc37132/qtype-eval/src/experiments/run_experiment.py", line 5, in <module>
    import hydra
ModuleNotFoundError: No module named 'hydra'
Completed complexity experiment for ar
----------------------------------------
Running question_type experiment for en
Traceback (most recent call last):
  File "/usr/lib64/python3.6/runpy.py", line 193, in _run_module_as_main
    "__main__", mod_spec)
  File "/usr/lib64/python3.6/runpy.py", line 85, in _run_code
    exec(code, run_globals)
  File "/vsc-hard-mounts/leuven-data/371/vsc37132/qtype-eval/src/experiments/run_experiment.py", line 5, in <module>
    import hydra
ModuleNotFoundError: No module named 'hydra'
Completed question_type experiment for en
----------------------------------------
Running complexity experiment for en
Traceback (most recent call last):
  File "/usr/lib64/python3.6/runpy.py", line 193, in _run_module_as_main
    "__main__", mod_spec)
  File "/usr/lib64/python3.6/runpy.py", line 85, in _run_code
    exec(code, run_globals)
  File "/vsc-hard-mounts/leuven-data/371/vsc37132/qtype-eval/src/experiments/run_experiment.py", line 5, in <module>
    import hydra
ModuleNotFoundError: No module named 'hydra'
Completed complexity experiment for en
----------------------------------------
Running question_type experiment for fi
Traceback (most recent call last):
  File "/usr/lib64/python3.6/runpy.py", line 193, in _run_module_as_main
    "__main__", mod_spec)
  File "/usr/lib64/python3.6/runpy.py", line 85, in _run_code
    exec(code, run_globals)
  File "/vsc-hard-mounts/leuven-data/371/vsc37132/qtype-eval/src/experiments/run_experiment.py", line 5, in <module>
    import hydra
ModuleNotFoundError: No module named 'hydra'
Completed question_type experiment for fi
----------------------------------------
Running complexity experiment for fi
Traceback (most recent call last):
  File "/usr/lib64/python3.6/runpy.py", line 193, in _run_module_as_main
    "__main__", mod_spec)
  File "/usr/lib64/python3.6/runpy.py", line 85, in _run_code
    exec(code, run_globals)
  File "/vsc-hard-mounts/leuven-data/371/vsc37132/qtype-eval/src/experiments/run_experiment.py", line 5, in <module>
    import hydra
ModuleNotFoundError: No module named 'hydra'
Completed complexity experiment for fi
----------------------------------------
Running question_type experiment for id
Traceback (most recent call last):
  File "/usr/lib64/python3.6/runpy.py", line 193, in _run_module_as_main
    "__main__", mod_spec)
  File "/usr/lib64/python3.6/runpy.py", line 85, in _run_code
    exec(code, run_globals)
  File "/vsc-hard-mounts/leuven-data/371/vsc37132/qtype-eval/src/experiments/run_experiment.py", line 5, in <module>
    import hydra
ModuleNotFoundError: No module named 'hydra'
Completed question_type experiment for id
----------------------------------------
Running complexity experiment for id
Traceback (most recent call last):
  File "/usr/lib64/python3.6/runpy.py", line 193, in _run_module_as_main
    "__main__", mod_spec)
  File "/usr/lib64/python3.6/runpy.py", line 85, in _run_code
    exec(code, run_globals)
  File "/vsc-hard-mounts/leuven-data/371/vsc37132/qtype-eval/src/experiments/run_experiment.py", line 5, in <module>
    import hydra
ModuleNotFoundError: No module named 'hydra'
Completed complexity experiment for id
----------------------------------------
Running question_type experiment for ja
Traceback (most recent call last):
  File "/usr/lib64/python3.6/runpy.py", line 193, in _run_module_as_main
    "__main__", mod_spec)
  File "/usr/lib64/python3.6/runpy.py", line 85, in _run_code
    exec(code, run_globals)
  File "/vsc-hard-mounts/leuven-data/371/vsc37132/qtype-eval/src/experiments/run_experiment.py", line 5, in <module>
    import hydra
ModuleNotFoundError: No module named 'hydra'
Completed question_type experiment for ja
----------------------------------------
Running complexity experiment for ja
Traceback (most recent call last):
  File "/usr/lib64/python3.6/runpy.py", line 193, in _run_module_as_main
    "__main__", mod_spec)
  File "/usr/lib64/python3.6/runpy.py", line 85, in _run_code
    exec(code, run_globals)
  File "/vsc-hard-mounts/leuven-data/371/vsc37132/qtype-eval/src/experiments/run_experiment.py", line 5, in <module>
    import hydra
ModuleNotFoundError: No module named 'hydra'
Completed complexity experiment for ja
----------------------------------------
Running question_type experiment for ko
Traceback (most recent call last):
  File "/usr/lib64/python3.6/runpy.py", line 193, in _run_module_as_main
    "__main__", mod_spec)
  File "/usr/lib64/python3.6/runpy.py", line 85, in _run_code
    exec(code, run_globals)
  File "/vsc-hard-mounts/leuven-data/371/vsc37132/qtype-eval/src/experiments/run_experiment.py", line 5, in <module>
    import hydra
ModuleNotFoundError: No module named 'hydra'
Completed question_type experiment for ko
----------------------------------------
Running complexity experiment for ko
Traceback (most recent call last):
  File "/usr/lib64/python3.6/runpy.py", line 193, in _run_module_as_main
    "__main__", mod_spec)
  File "/usr/lib64/python3.6/runpy.py", line 85, in _run_code
    exec(code, run_globals)
  File "/vsc-hard-mounts/leuven-data/371/vsc37132/qtype-eval/src/experiments/run_experiment.py", line 5, in <module>
    import hydra
ModuleNotFoundError: No module named 'hydra'
Completed complexity experiment for ko
----------------------------------------
Running question_type experiment for ru
Traceback (most recent call last):
  File "/usr/lib64/python3.6/runpy.py", line 193, in _run_module_as_main
    "__main__", mod_spec)
  File "/usr/lib64/python3.6/runpy.py", line 85, in _run_code
    exec(code, run_globals)
  File "/vsc-hard-mounts/leuven-data/371/vsc37132/qtype-eval/src/experiments/run_experiment.py", line 5, in <module>
    import hydra
ModuleNotFoundError: No module named 'hydra'
Completed question_type experiment for ru
----------------------------------------
Running complexity experiment for ru
Traceback (most recent call last):
  File "/usr/lib64/python3.6/runpy.py", line 193, in _run_module_as_main
    "__main__", mod_spec)
  File "/usr/lib64/python3.6/runpy.py", line 85, in _run_code
    exec(code, run_globals)
  File "/vsc-hard-mounts/leuven-data/371/vsc37132/qtype-eval/src/experiments/run_experiment.py", line 5, in <module>
    import hydra
ModuleNotFoundError: No module named 'hydra'
Completed complexity experiment for ru
----------------------------------------
All basic experiments completed at Fri Apr  4 02:16:51 CEST 2025
